The system is: Linux - 3.10.0-229.11.1.el7.x86_64 - x86_64
Compiling the C compiler identification source file "CMakeCCompilerId.c" succeeded.
Compiler: /bin/cc 
Build flags: 
Id flags: 

The output was:
0


Compilation of the C compiler identification source "CMakeCCompilerId.c" produced "a.out"

The C compiler identification is GNU, found in "/home/zhangbin/xlive/ffmpeg/src/x265/build/linux/CMakeFiles/2.8.11/CompilerIdC/a.out"

Compiling the CXX compiler identification source file "CMakeCXXCompilerId.cpp" succeeded.
Compiler: /bin/c++ 
Build flags: 
Id flags: 

The output was:
0


Compilation of the CXX compiler identification source "CMakeCXXCompilerId.cpp" produced "a.out"

The CXX compiler identification is GNU, found in "/home/zhangbin/xlive/ffmpeg/src/x265/build/linux/CMakeFiles/2.8.11/CompilerIdCXX/a.out"

Determining if the C compiler works passed with the following output:
Change Dir: /home/zhangbin/xlive/ffmpeg/src/x265/build/linux/CMakeFiles/CMakeTmp

Run Build Command:/bin/gmake "cmTryCompileExec3454293632/fast"
/bin/gmake -f CMakeFiles/cmTryCompileExec3454293632.dir/build.make CMakeFiles/cmTryCompileExec3454293632.dir/build
gmake[1]: 进入目录“/home/zhangbin/xlive/ffmpeg/src/x265/build/linux/CMakeFiles/CMakeTmp”
/usr/bin/cmake -E cmake_progress_report /home/zhangbin/xlive/ffmpeg/src/x265/build/linux/CMakeFiles/CMakeTmp/CMakeFiles 1
Building C object CMakeFiles/cmTryCompileExec3454293632.dir/testCCompiler.c.o
/bin/cc    -o CMakeFiles/cmTryCompileExec3454293632.dir/testCCompiler.c.o   -c /home/zhangbin/xlive/ffmpeg/src/x265/build/linux/CMakeFiles/CMakeTmp/testCCompiler.c
Linking C executable cmTryCompileExec3454293632
/usr/bin/cmake -E cmake_link_script CMakeFiles/cmTryCompileExec3454293632.dir/link.txt --verbose=1
/bin/cc         CMakeFiles/cmTryCompileExec3454293632.dir/testCCompiler.c.o  -o cmTryCompileExec3454293632 -rdynamic 
gmake[1]: 离开目录“/home/zhangbin/xlive/ffmpeg/src/x265/build/linux/CMakeFiles/CMakeTmp”


Detecting C compiler ABI info compiled with the following output:
Change Dir: /home/zhangbin/xlive/ffmpeg/src/x265/build/linux/CMakeFiles/CMakeTmp

Run Build Command:/bin/gmake "cmTryCompileExec3251704864/fast"
/bin/gmake -f CMakeFiles/cmTryCompileExec3251704864.dir/build.make CMakeFiles/cmTryCompileExec3251704864.dir/build
gmake[1]: 进入目录“/home/zhangbin/xlive/ffmpeg/src/x265/build/linux/CMakeFiles/CMakeTmp”
/usr/bin/cmake -E cmake_progress_report /home/zhangbin/xlive/ffmpeg/src/x265/build/linux/CMakeFiles/CMakeTmp/CMakeFiles 1
Building C object CMakeFiles/cmTryCompileExec3251704864.dir/CMakeCCompilerABI.c.o
/bin/cc    -o CMakeFiles/cmTryCompileExec3251704864.dir/CMakeCCompilerABI.c.o   -c /usr/share/cmake/Modules/CMakeCCompilerABI.c
Linking C executable cmTryCompileExec3251704864
/usr/bin/cmake -E cmake_link_script CMakeFiles/cmTryCompileExec3251704864.dir/link.txt --verbose=1
/bin/cc       -v CMakeFiles/cmTryCompileExec3251704864.dir/CMakeCCompilerABI.c.o  -o cmTryCompileExec3251704864 -rdynamic  
使用内建 specs。
COLLECT_GCC=/bin/cc
COLLECT_LTO_WRAPPER=/usr/libexec/gcc/x86_64-redhat-linux/4.8.3/lto-wrapper
目标：x86_64-redhat-linux
配置为：../configure --prefix=/usr --mandir=/usr/share/man --infodir=/usr/share/info --with-bugurl=http://bugzilla.redhat.com/bugzilla --enable-bootstrap --enable-shared --enable-threads=posix --enable-checking=release --with-system-zlib --enable-__cxa_atexit --disable-libunwind-exceptions --enable-gnu-unique-object --enable-linker-build-id --with-linker-hash-style=gnu --enable-languages=c,c++,objc,obj-c++,java,fortran,ada,go,lto --enable-plugin --enable-initfini-array --disable-libgcj --with-isl=/builddir/build/BUILD/gcc-4.8.3-20140911/obj-x86_64-redhat-linux/isl-install --with-cloog=/builddir/build/BUILD/gcc-4.8.3-20140911/obj-x86_64-redhat-linux/cloog-install --enable-gnu-indirect-function --with-tune=generic --with-arch_32=x86-64 --build=x86_64-redhat-linux
线程模型：posix
gcc 版本 4.8.3 20140911 (Red Hat 4.8.3-9) (GCC) 
COMPILER_PATH=/usr/libexec/gcc/x86_64-redhat-linux/4.8.3/:/usr/libexec/gcc/x86_64-redhat-linux/4.8.3/:/usr/libexec/gcc/x86_64-redhat-linux/:/usr/lib/gcc/x86_64-redhat-linux/4.8.3/:/usr/lib/gcc/x86_64-redhat-linux/
LIBRARY_PATH=/usr/lib/gcc/x86_64-redhat-linux/4.8.3/:/usr/lib/gcc/x86_64-redhat-linux/4.8.3/../../../../lib64/:/lib/../lib64/:/usr/lib/../lib64/:/home/zhangbin/xlive/ffmpeg/out/x86/lib/:./:/usr/lib/gcc/x86_64-redhat-linux/4.8.3/../../../:/lib/:/usr/lib/
COLLECT_GCC_OPTIONS='-v' '-o' 'cmTryCompileExec3251704864' '-rdynamic' '-mtune=generic' '-march=x86-64'
 /usr/libexec/gcc/x86_64-redhat-linux/4.8.3/collect2 --build-id --no-add-needed --eh-frame-hdr --hash-style=gnu -m elf_x86_64 -export-dynamic -dynamic-linker /lib64/ld-linux-x86-64.so.2 -o cmTryCompileExec3251704864 /usr/lib/gcc/x86_64-redhat-linux/4.8.3/../../../../lib64/crt1.o /usr/lib/gcc/x86_64-redhat-linux/4.8.3/../../../../lib64/crti.o /usr/lib/gcc/x86_64-redhat-linux/4.8.3/crtbegin.o -L/usr/lib/gcc/x86_64-redhat-linux/4.8.3 -L/usr/lib/gcc/x86_64-redhat-linux/4.8.3/../../../../lib64 -L/lib/../lib64 -L/usr/lib/../lib64 -L/home/zhangbin/xlive/ffmpeg/out/x86/lib -L. -L/usr/lib/gcc/x86_64-redhat-linux/4.8.3/../../.. CMakeFiles/cmTryCompileExec3251704864.dir/CMakeCCompilerABI.c.o -lgcc --as-needed -lgcc_s --no-as-needed -lc -lgcc --as-needed -lgcc_s --no-as-needed /usr/lib/gcc/x86_64-redhat-linux/4.8.3/crtend.o /usr/lib/gcc/x86_64-redhat-linux/4.8.3/../../../../lib64/crtn.o
gmake[1]: 离开目录“/home/zhangbin/xlive/ffmpeg/src/x265/build/linux/CMakeFiles/CMakeTmp”


Parsed C implicit link information from above output:
  link line regex: [^( *|.*[/\])(ld|ld|collect2)[^/\]*( |$)]
  ignore line: [Change Dir: /home/zhangbin/xlive/ffmpeg/src/x265/build/linux/CMakeFiles/CMakeTmp]
  ignore line: []
  ignore line: [Run Build Command:/bin/gmake "cmTryCompileExec3251704864/fast"]
  ignore line: [/bin/gmake -f CMakeFiles/cmTryCompileExec3251704864.dir/build.make CMakeFiles/cmTryCompileExec3251704864.dir/build]
  ignore line: [gmake[1]: 进入目录“/home/zhangbin/xlive/ffmpeg/src/x265/build/linux/CMakeFiles/CMakeTmp”]
  ignore line: [/usr/bin/cmake -E cmake_progress_report /home/zhangbin/xlive/ffmpeg/src/x265/build/linux/CMakeFiles/CMakeTmp/CMakeFiles 1]
  ignore line: [Building C object CMakeFiles/cmTryCompileExec3251704864.dir/CMakeCCompilerABI.c.o]
  ignore line: [/bin/cc    -o CMakeFiles/cmTryCompileExec3251704864.dir/CMakeCCompilerABI.c.o   -c /usr/share/cmake/Modules/CMakeCCompilerABI.c]
  ignore line: [Linking C executable cmTryCompileExec3251704864]
  ignore line: [/usr/bin/cmake -E cmake_link_script CMakeFiles/cmTryCompileExec3251704864.dir/link.txt --verbose=1]
  ignore line: [/bin/cc       -v CMakeFiles/cmTryCompileExec3251704864.dir/CMakeCCompilerABI.c.o  -o cmTryCompileExec3251704864 -rdynamic  ]
  ignore line: [使用内建 specs。]
  ignore line: [COLLECT_GCC=/bin/cc]
  ignore line: [COLLECT_LTO_WRAPPER=/usr/libexec/gcc/x86_64-redhat-linux/4.8.3/lto-wrapper]
  ignore line: [目标：x86_64-redhat-linux]
  ignore line: [配置为：../configure --prefix=/usr --mandir=/usr/share/man --infodir=/usr/share/info --with-bugurl=http://bugzilla.redhat.com/bugzilla --enable-bootstrap --enable-shared --enable-threads=posix --enable-checking=release --with-system-zlib --enable-__cxa_atexit --disable-libunwind-exceptions --enable-gnu-unique-object --enable-linker-build-id --with-linker-hash-style=gnu --enable-languages=c,c++,objc,obj-c++,java,fortran,ada,go,lto --enable-plugin --enable-initfini-array --disable-libgcj --with-isl=/builddir/build/BUILD/gcc-4.8.3-20140911/obj-x86_64-redhat-linux/isl-install --with-cloog=/builddir/build/BUILD/gcc-4.8.3-20140911/obj-x86_64-redhat-linux/cloog-install --enable-gnu-indirect-function --with-tune=generic --with-arch_32=x86-64 --build=x86_64-redhat-linux]
  ignore line: [线程模型：posix]
  ignore line: [gcc 版本 4.8.3 20140911 (Red Hat 4.8.3-9) (GCC) ]
  ignore line: [COMPILER_PATH=/usr/libexec/gcc/x86_64-redhat-linux/4.8.3/:/usr/libexec/gcc/x86_64-redhat-linux/4.8.3/:/usr/libexec/gcc/x86_64-redhat-linux/:/usr/lib/gcc/x86_64-redhat-linux/4.8.3/:/usr/lib/gcc/x86_64-redhat-linux/]
  ignore line: [LIBRARY_PATH=/usr/lib/gcc/x86_64-redhat-linux/4.8.3/:/usr/lib/gcc/x86_64-redhat-linux/4.8.3/../../../../lib64/:/lib/../lib64/:/usr/lib/../lib64/:/home/zhangbin/xlive/ffmpeg/out/x86/lib/:./:/usr/lib/gcc/x86_64-redhat-linux/4.8.3/../../../:/lib/:/usr/lib/]
  ignore line: [COLLECT_GCC_OPTIONS='-v' '-o' 'cmTryCompileExec3251704864' '-rdynamic' '-mtune=generic' '-march=x86-64']
  link line: [ /usr/libexec/gcc/x86_64-redhat-linux/4.8.3/collect2 --build-id --no-add-needed --eh-frame-hdr --hash-style=gnu -m elf_x86_64 -export-dynamic -dynamic-linker /lib64/ld-linux-x86-64.so.2 -o cmTryCompileExec3251704864 /usr/lib/gcc/x86_64-redhat-linux/4.8.3/../../../../lib64/crt1.o /usr/lib/gcc/x86_64-redhat-linux/4.8.3/../../../../lib64/crti.o /usr/lib/gcc/x86_64-redhat-linux/4.8.3/crtbegin.o -L/usr/lib/gcc/x86_64-redhat-linux/4.8.3 -L/usr/lib/gcc/x86_64-redhat-linux/4.8.3/../../../../lib64 -L/lib/../lib64 -L/usr/lib/../lib64 -L/home/zhangbin/xlive/ffmpeg/out/x86/lib -L. -L/usr/lib/gcc/x86_64-redhat-linux/4.8.3/../../.. CMakeFiles/cmTryCompileExec3251704864.dir/CMakeCCompilerABI.c.o -lgcc --as-needed -lgcc_s --no-as-needed -lc -lgcc --as-needed -lgcc_s --no-as-needed /usr/lib/gcc/x86_64-redhat-linux/4.8.3/crtend.o /usr/lib/gcc/x86_64-redhat-linux/4.8.3/../../../../lib64/crtn.o]
    arg [/usr/libexec/gcc/x86_64-redhat-linux/4.8.3/collect2] ==> ignore
    arg [--build-id] ==> ignore
    arg [--no-add-needed] ==> ignore
    arg [--eh-frame-hdr] ==> ignore
    arg [--hash-style=gnu] ==> ignore
    arg [-m] ==> ignore
    arg [elf_x86_64] ==> ignore
    arg [-export-dynamic] ==> ignore
    arg [-dynamic-linker] ==> ignore
    arg [/lib64/ld-linux-x86-64.so.2] ==> ignore
    arg [-o] ==> ignore
    arg [cmTryCompileExec3251704864] ==> ignore
    arg [/usr/lib/gcc/x86_64-redhat-linux/4.8.3/../../../../lib64/crt1.o] ==> ignore
    arg [/usr/lib/gcc/x86_64-redhat-linux/4.8.3/../../../../lib64/crti.o] ==> ignore
    arg [/usr/lib/gcc/x86_64-redhat-linux/4.8.3/crtbegin.o] ==> ignore
    arg [-L/usr/lib/gcc/x86_64-redhat-linux/4.8.3] ==> dir [/usr/lib/gcc/x86_64-redhat-linux/4.8.3]
    arg [-L/usr/lib/gcc/x86_64-redhat-linux/4.8.3/../../../../lib64] ==> dir [/usr/lib/gcc/x86_64-redhat-linux/4.8.3/../../../../lib64]
    arg [-L/lib/../lib64] ==> dir [/lib/../lib64]
    arg [-L/usr/lib/../lib64] ==> dir [/usr/lib/../lib64]
    arg [-L/home/zhangbin/xlive/ffmpeg/out/x86/lib] ==> dir [/home/zhangbin/xlive/ffmpeg/out/x86/lib]
    arg [-L.] ==> ignore
    arg [-L/usr/lib/gcc/x86_64-redhat-linux/4.8.3/../../..] ==> dir [/usr/lib/gcc/x86_64-redhat-linux/4.8.3/../../..]
    arg [CMakeFiles/cmTryCompileExec3251704864.dir/CMakeCCompilerABI.c.o] ==> ignore
    arg [-lgcc] ==> lib [gcc]
    arg [--as-needed] ==> ignore
    arg [-lgcc_s] ==> lib [gcc_s]
    arg [--no-as-needed] ==> ignore
    arg [-lc] ==> lib [c]
    arg [-lgcc] ==> lib [gcc]
    arg [--as-needed] ==> ignore
    arg [-lgcc_s] ==> lib [gcc_s]
    arg [--no-as-needed] ==> ignore
    arg [/usr/lib/gcc/x86_64-redhat-linux/4.8.3/crtend.o] ==> ignore
    arg [/usr/lib/gcc/x86_64-redhat-linux/4.8.3/../../../../lib64/crtn.o] ==> ignore
  remove lib [gcc]
  remove lib [gcc_s]
  remove lib [gcc]
  remove lib [gcc_s]
  collapse library dir [/usr/lib/gcc/x86_64-redhat-linux/4.8.3] ==> [/usr/lib/gcc/x86_64-redhat-linux/4.8.3]
  collapse library dir [/usr/lib/gcc/x86_64-redhat-linux/4.8.3/../../../../lib64] ==> [/usr/lib64]
  collapse library dir [/lib/../lib64] ==> [/lib64]
  collapse library dir [/usr/lib/../lib64] ==> [/usr/lib64]
  collapse library dir [/home/zhangbin/xlive/ffmpeg/out/x86/lib] ==> [/home/zhangbin/xlive/ffmpeg/out/x86/lib]
  collapse library dir [/usr/lib/gcc/x86_64-redhat-linux/4.8.3/../../..] ==> [/usr/lib]
  implicit libs: [c]
  implicit dirs: [/usr/lib/gcc/x86_64-redhat-linux/4.8.3;/usr/lib64;/lib64;/home/zhangbin/xlive/ffmpeg/out/x86/lib;/usr/lib]
  implicit fwks: []


Determining if the CXX compiler works passed with the following output:
Change Dir: /home/zhangbin/xlive/ffmpeg/src/x265/build/linux/CMakeFiles/CMakeTmp

Run Build Command:/bin/gmake "cmTryCompileExec1040995796/fast"
/bin/gmake -f CMakeFiles/cmTryCompileExec1040995796.dir/build.make CMakeFiles/cmTryCompileExec1040995796.dir/build
gmake[1]: 进入目录“/home/zhangbin/xlive/ffmpeg/src/x265/build/linux/CMakeFiles/CMakeTmp”
/usr/bin/cmake -E cmake_progress_report /home/zhangbin/xlive/ffmpeg/src/x265/build/linux/CMakeFiles/CMakeTmp/CMakeFiles 1
Building CXX object CMakeFiles/cmTryCompileExec1040995796.dir/testCXXCompiler.cxx.o
/bin/c++     -o CMakeFiles/cmTryCompileExec1040995796.dir/testCXXCompiler.cxx.o -c /home/zhangbin/xlive/ffmpeg/src/x265/build/linux/CMakeFiles/CMakeTmp/testCXXCompiler.cxx
Linking CXX executable cmTryCompileExec1040995796
/usr/bin/cmake -E cmake_link_script CMakeFiles/cmTryCompileExec1040995796.dir/link.txt --verbose=1
/bin/c++          CMakeFiles/cmTryCompileExec1040995796.dir/testCXXCompiler.cxx.o  -o cmTryCompileExec1040995796 -rdynamic 
gmake[1]: 离开目录“/home/zhangbin/xlive/ffmpeg/src/x265/build/linux/CMakeFiles/CMakeTmp”


Detecting CXX compiler ABI info compiled with the following output:
Change Dir: /home/zhangbin/xlive/ffmpeg/src/x265/build/linux/CMakeFiles/CMakeTmp

Run Build Command:/bin/gmake "cmTryCompileExec2453255253/fast"
/bin/gmake -f CMakeFiles/cmTryCompileExec2453255253.dir/build.make CMakeFiles/cmTryCompileExec2453255253.dir/build
gmake[1]: 进入目录“/home/zhangbin/xlive/ffmpeg/src/x265/build/linux/CMakeFiles/CMakeTmp”
/usr/bin/cmake -E cmake_progress_report /home/zhangbin/xlive/ffmpeg/src/x265/build/linux/CMakeFiles/CMakeTmp/CMakeFiles 1
Building CXX object CMakeFiles/cmTryCompileExec2453255253.dir/CMakeCXXCompilerABI.cpp.o
/bin/c++     -o CMakeFiles/cmTryCompileExec2453255253.dir/CMakeCXXCompilerABI.cpp.o -c /usr/share/cmake/Modules/CMakeCXXCompilerABI.cpp
Linking CXX executable cmTryCompileExec2453255253
/usr/bin/cmake -E cmake_link_script CMakeFiles/cmTryCompileExec2453255253.dir/link.txt --verbose=1
/bin/c++        -v CMakeFiles/cmTryCompileExec2453255253.dir/CMakeCXXCompilerABI.cpp.o  -o cmTryCompileExec2453255253 -rdynamic  
使用内建 specs。
COLLECT_GCC=/bin/c++
COLLECT_LTO_WRAPPER=/usr/libexec/gcc/x86_64-redhat-linux/4.8.3/lto-wrapper
目标：x86_64-redhat-linux
配置为：../configure --prefix=/usr --mandir=/usr/share/man --infodir=/usr/share/info --with-bugurl=http://bugzilla.redhat.com/bugzilla --enable-bootstrap --enable-shared --enable-threads=posix --enable-checking=release --with-system-zlib --enable-__cxa_atexit --disable-libunwind-exceptions --enable-gnu-unique-object --enable-linker-build-id --with-linker-hash-style=gnu --enable-languages=c,c++,objc,obj-c++,java,fortran,ada,go,lto --enable-plugin --enable-initfini-array --disable-libgcj --with-isl=/builddir/build/BUILD/gcc-4.8.3-20140911/obj-x86_64-redhat-linux/isl-install --with-cloog=/builddir/build/BUILD/gcc-4.8.3-20140911/obj-x86_64-redhat-linux/cloog-install --enable-gnu-indirect-function --with-tune=generic --with-arch_32=x86-64 --build=x86_64-redhat-linux
线程模型：posix
gcc 版本 4.8.3 20140911 (Red Hat 4.8.3-9) (GCC) 
COMPILER_PATH=/usr/libexec/gcc/x86_64-redhat-linux/4.8.3/:/usr/libexec/gcc/x86_64-redhat-linux/4.8.3/:/usr/libexec/gcc/x86_64-redhat-linux/:/usr/lib/gcc/x86_64-redhat-linux/4.8.3/:/usr/lib/gcc/x86_64-redhat-linux/
LIBRARY_PATH=/usr/lib/gcc/x86_64-redhat-linux/4.8.3/:/usr/lib/gcc/x86_64-redhat-linux/4.8.3/../../../../lib64/:/lib/../lib64/:/usr/lib/../lib64/:/home/zhangbin/xlive/ffmpeg/out/x86/lib/:./:/usr/lib/gcc/x86_64-redhat-linux/4.8.3/../../../:/lib/:/usr/lib/
COLLECT_GCC_OPTIONS='-v' '-o' 'cmTryCompileExec2453255253' '-rdynamic' '-shared-libgcc' '-mtune=generic' '-march=x86-64'
 /usr/libexec/gcc/x86_64-redhat-linux/4.8.3/collect2 --build-id --no-add-needed --eh-frame-hdr --hash-style=gnu -m elf_x86_64 -export-dynamic -dynamic-linker /lib64/ld-linux-x86-64.so.2 -o cmTryCompileExec2453255253 /usr/lib/gcc/x86_64-redhat-linux/4.8.3/../../../../lib64/crt1.o /usr/lib/gcc/x86_64-redhat-linux/4.8.3/../../../../lib64/crti.o /usr/lib/gcc/x86_64-redhat-linux/4.8.3/crtbegin.o -L/usr/lib/gcc/x86_64-redhat-linux/4.8.3 -L/usr/lib/gcc/x86_64-redhat-linux/4.8.3/../../../../lib64 -L/lib/../lib64 -L/usr/lib/../lib64 -L/home/zhangbin/xlive/ffmpeg/out/x86/lib -L. -L/usr/lib/gcc/x86_64-redhat-linux/4.8.3/../../.. CMakeFiles/cmTryCompileExec2453255253.dir/CMakeCXXCompilerABI.cpp.o -lstdc++ -lm -lgcc_s -lgcc -lc -lgcc_s -lgcc /usr/lib/gcc/x86_64-redhat-linux/4.8.3/crtend.o /usr/lib/gcc/x86_64-redhat-linux/4.8.3/../../../../lib64/crtn.o
gmake[1]: 离开目录“/home/zhangbin/xlive/ffmpeg/src/x265/build/linux/CMakeFiles/CMakeTmp”


Parsed CXX implicit link information from above output:
  link line regex: [^( *|.*[/\])(ld|ld|collect2)[^/\]*( |$)]
  ignore line: [Change Dir: /home/zhangbin/xlive/ffmpeg/src/x265/build/linux/CMakeFiles/CMakeTmp]
  ignore line: []
  ignore line: [Run Build Command:/bin/gmake "cmTryCompileExec2453255253/fast"]
  ignore line: [/bin/gmake -f CMakeFiles/cmTryCompileExec2453255253.dir/build.make CMakeFiles/cmTryCompileExec2453255253.dir/build]
  ignore line: [gmake[1]: 进入目录“/home/zhangbin/xlive/ffmpeg/src/x265/build/linux/CMakeFiles/CMakeTmp”]
  ignore line: [/usr/bin/cmake -E cmake_progress_report /home/zhangbin/xlive/ffmpeg/src/x265/build/linux/CMakeFiles/CMakeTmp/CMakeFiles 1]
  ignore line: [Building CXX object CMakeFiles/cmTryCompileExec2453255253.dir/CMakeCXXCompilerABI.cpp.o]
  ignore line: [/bin/c++     -o CMakeFiles/cmTryCompileExec2453255253.dir/CMakeCXXCompilerABI.cpp.o -c /usr/share/cmake/Modules/CMakeCXXCompilerABI.cpp]
  ignore line: [Linking CXX executable cmTryCompileExec2453255253]
  ignore line: [/usr/bin/cmake -E cmake_link_script CMakeFiles/cmTryCompileExec2453255253.dir/link.txt --verbose=1]
  ignore line: [/bin/c++        -v CMakeFiles/cmTryCompileExec2453255253.dir/CMakeCXXCompilerABI.cpp.o  -o cmTryCompileExec2453255253 -rdynamic  ]
  ignore line: [使用内建 specs。]
  ignore line: [COLLECT_GCC=/bin/c++]
  ignore line: [COLLECT_LTO_WRAPPER=/usr/libexec/gcc/x86_64-redhat-linux/4.8.3/lto-wrapper]
  ignore line: [目标：x86_64-redhat-linux]
  ignore line: [配置为：../configure --prefix=/usr --mandir=/usr/share/man --infodir=/usr/share/info --with-bugurl=http://bugzilla.redhat.com/bugzilla --enable-bootstrap --enable-shared --enable-threads=posix --enable-checking=release --with-system-zlib --enable-__cxa_atexit --disable-libunwind-exceptions --enable-gnu-unique-object --enable-linker-build-id --with-linker-hash-style=gnu --enable-languages=c,c++,objc,obj-c++,java,fortran,ada,go,lto --enable-plugin --enable-initfini-array --disable-libgcj --with-isl=/builddir/build/BUILD/gcc-4.8.3-20140911/obj-x86_64-redhat-linux/isl-install --with-cloog=/builddir/build/BUILD/gcc-4.8.3-20140911/obj-x86_64-redhat-linux/cloog-install --enable-gnu-indirect-function --with-tune=generic --with-arch_32=x86-64 --build=x86_64-redhat-linux]
  ignore line: [线程模型：posix]
  ignore line: [gcc 版本 4.8.3 20140911 (Red Hat 4.8.3-9) (GCC) ]
  ignore line: [COMPILER_PATH=/usr/libexec/gcc/x86_64-redhat-linux/4.8.3/:/usr/libexec/gcc/x86_64-redhat-linux/4.8.3/:/usr/libexec/gcc/x86_64-redhat-linux/:/usr/lib/gcc/x86_64-redhat-linux/4.8.3/:/usr/lib/gcc/x86_64-redhat-linux/]
  ignore line: [LIBRARY_PATH=/usr/lib/gcc/x86_64-redhat-linux/4.8.3/:/usr/lib/gcc/x86_64-redhat-linux/4.8.3/../../../../lib64/:/lib/../lib64/:/usr/lib/../lib64/:/home/zhangbin/xlive/ffmpeg/out/x86/lib/:./:/usr/lib/gcc/x86_64-redhat-linux/4.8.3/../../../:/lib/:/usr/lib/]
  ignore line: [COLLECT_GCC_OPTIONS='-v' '-o' 'cmTryCompileExec2453255253' '-rdynamic' '-shared-libgcc' '-mtune=generic' '-march=x86-64']
  link line: [ /usr/libexec/gcc/x86_64-redhat-linux/4.8.3/collect2 --build-id --no-add-needed --eh-frame-hdr --hash-style=gnu -m elf_x86_64 -export-dynamic -dynamic-linker /lib64/ld-linux-x86-64.so.2 -o cmTryCompileExec2453255253 /usr/lib/gcc/x86_64-redhat-linux/4.8.3/../../../../lib64/crt1.o /usr/lib/gcc/x86_64-redhat-linux/4.8.3/../../../../lib64/crti.o /usr/lib/gcc/x86_64-redhat-linux/4.8.3/crtbegin.o -L/usr/lib/gcc/x86_64-redhat-linux/4.8.3 -L/usr/lib/gcc/x86_64-redhat-linux/4.8.3/../../../../lib64 -L/lib/../lib64 -L/usr/lib/../lib64 -L/home/zhangbin/xlive/ffmpeg/out/x86/lib -L. -L/usr/lib/gcc/x86_64-redhat-linux/4.8.3/../../.. CMakeFiles/cmTryCompileExec2453255253.dir/CMakeCXXCompilerABI.cpp.o -lstdc++ -lm -lgcc_s -lgcc -lc -lgcc_s -lgcc /usr/lib/gcc/x86_64-redhat-linux/4.8.3/crtend.o /usr/lib/gcc/x86_64-redhat-linux/4.8.3/../../../../lib64/crtn.o]
    arg [/usr/libexec/gcc/x86_64-redhat-linux/4.8.3/collect2] ==> ignore
    arg [--build-id] ==> ignore
    arg [--no-add-needed] ==> ignore
    arg [--eh-frame-hdr] ==> ignore
    arg [--hash-style=gnu] ==> ignore
    arg [-m] ==> ignore
    arg [elf_x86_64] ==> ignore
    arg [-export-dynamic] ==> ignore
    arg [-dynamic-linker] ==> ignore
    arg [/lib64/ld-linux-x86-64.so.2] ==> ignore
    arg [-o] ==> ignore
    arg [cmTryCompileExec2453255253] ==> ignore
    arg [/usr/lib/gcc/x86_64-redhat-linux/4.8.3/../../../../lib64/crt1.o] ==> ignore
    arg [/usr/lib/gcc/x86_64-redhat-linux/4.8.3/../../../../lib64/crti.o] ==> ignore
    arg [/usr/lib/gcc/x86_64-redhat-linux/4.8.3/crtbegin.o] ==> ignore
    arg [-L/usr/lib/gcc/x86_64-redhat-linux/4.8.3] ==> dir [/usr/lib/gcc/x86_64-redhat-linux/4.8.3]
    arg [-L/usr/lib/gcc/x86_64-redhat-linux/4.8.3/../../../../lib64] ==> dir [/usr/lib/gcc/x86_64-redhat-linux/4.8.3/../../../../lib64]
    arg [-L/lib/../lib64] ==> dir [/lib/../lib64]
    arg [-L/usr/lib/../lib64] ==> dir [/usr/lib/../lib64]
    arg [-L/home/zhangbin/xlive/ffmpeg/out/x86/lib] ==> dir [/home/zhangbin/xlive/ffmpeg/out/x86/lib]
    arg [-L.] ==> ignore
    arg [-L/usr/lib/gcc/x86_64-redhat-linux/4.8.3/../../..] ==> dir [/usr/lib/gcc/x86_64-redhat-linux/4.8.3/../../..]
    arg [CMakeFiles/cmTryCompileExec2453255253.dir/CMakeCXXCompilerABI.cpp.o] ==> ignore
    arg [-lstdc++] ==> lib [stdc++]
    arg [-lm] ==> lib [m]
    arg [-lgcc_s] ==> lib [gcc_s]
    arg [-lgcc] ==> lib [gcc]
    arg [-lc] ==> lib [c]
    arg [-lgcc_s] ==> lib [gcc_s]
    arg [-lgcc] ==> lib [gcc]
    arg [/usr/lib/gcc/x86_64-redhat-linux/4.8.3/crtend.o] ==> ignore
    arg [/usr/lib/gcc/x86_64-redhat-linux/4.8.3/../../../../lib64/crtn.o] ==> ignore
  remove lib [gcc_s]
  remove lib [gcc]
  remove lib [gcc_s]
  remove lib [gcc]
  collapse library dir [/usr/lib/gcc/x86_64-redhat-linux/4.8.3] ==> [/usr/lib/gcc/x86_64-redhat-linux/4.8.3]
  collapse library dir [/usr/lib/gcc/x86_64-redhat-linux/4.8.3/../../../../lib64] ==> [/usr/lib64]
  collapse library dir [/lib/../lib64] ==> [/lib64]
  collapse library dir [/usr/lib/../lib64] ==> [/usr/lib64]
  collapse library dir [/home/zhangbin/xlive/ffmpeg/out/x86/lib] ==> [/home/zhangbin/xlive/ffmpeg/out/x86/lib]
  collapse library dir [/usr/lib/gcc/x86_64-redhat-linux/4.8.3/../../..] ==> [/usr/lib]
  implicit libs: [stdc++;m;c]
  implicit dirs: [/usr/lib/gcc/x86_64-redhat-linux/4.8.3;/usr/lib64;/lib64;/home/zhangbin/xlive/ffmpeg/out/x86/lib;/usr/lib]
  implicit fwks: []


Determining if files inttypes.h exist passed with the following output:
Change Dir: /home/zhangbin/xlive/ffmpeg/src/x265/build/linux/CMakeFiles/CMakeTmp

Run Build Command:/bin/gmake "cmTryCompileExec156710422/fast"
/bin/gmake -f CMakeFiles/cmTryCompileExec156710422.dir/build.make CMakeFiles/cmTryCompileExec156710422.dir/build
gmake[1]: 进入目录“/home/zhangbin/xlive/ffmpeg/src/x265/build/linux/CMakeFiles/CMakeTmp”
/usr/bin/cmake -E cmake_progress_report /home/zhangbin/xlive/ffmpeg/src/x265/build/linux/CMakeFiles/CMakeTmp/CMakeFiles 1
Building C object CMakeFiles/cmTryCompileExec156710422.dir/CheckIncludeFiles.c.o
/bin/cc    -o CMakeFiles/cmTryCompileExec156710422.dir/CheckIncludeFiles.c.o   -c /home/zhangbin/xlive/ffmpeg/src/x265/build/linux/CMakeFiles/CMakeTmp/CheckIncludeFiles.c
Linking C executable cmTryCompileExec156710422
/usr/bin/cmake -E cmake_link_script CMakeFiles/cmTryCompileExec156710422.dir/link.txt --verbose=1
/bin/cc         CMakeFiles/cmTryCompileExec156710422.dir/CheckIncludeFiles.c.o  -o cmTryCompileExec156710422 -rdynamic 
gmake[1]: 离开目录“/home/zhangbin/xlive/ffmpeg/src/x265/build/linux/CMakeFiles/CMakeTmp”


Performing C++ SOURCE FILE Test CC_HAS_NO_STRICT_OVERFLOW succeded with the following output:
Change Dir: /home/zhangbin/xlive/ffmpeg/src/x265/build/linux/CMakeFiles/CMakeTmp

Run Build Command:/bin/gmake "cmTryCompileExec1493290452/fast"
/bin/gmake -f CMakeFiles/cmTryCompileExec1493290452.dir/build.make CMakeFiles/cmTryCompileExec1493290452.dir/build
gmake[1]: 进入目录“/home/zhangbin/xlive/ffmpeg/src/x265/build/linux/CMakeFiles/CMakeTmp”
/usr/bin/cmake -E cmake_progress_report /home/zhangbin/xlive/ffmpeg/src/x265/build/linux/CMakeFiles/CMakeTmp/CMakeFiles 1
Building CXX object CMakeFiles/cmTryCompileExec1493290452.dir/src.cxx.o
/bin/c++    -DCC_HAS_NO_STRICT_OVERFLOW   -Wno-strict-overflow -o CMakeFiles/cmTryCompileExec1493290452.dir/src.cxx.o -c /home/zhangbin/xlive/ffmpeg/src/x265/build/linux/CMakeFiles/CMakeTmp/src.cxx
Linking CXX executable cmTryCompileExec1493290452
/usr/bin/cmake -E cmake_link_script CMakeFiles/cmTryCompileExec1493290452.dir/link.txt --verbose=1
/bin/c++      -DCC_HAS_NO_STRICT_OVERFLOW    CMakeFiles/cmTryCompileExec1493290452.dir/src.cxx.o  -o cmTryCompileExec1493290452 -rdynamic 
gmake[1]: 离开目录“/home/zhangbin/xlive/ffmpeg/src/x265/build/linux/CMakeFiles/CMakeTmp”

Source file was:
int main() { return 0;}
Performing C++ SOURCE FILE Test CC_HAS_NO_NARROWING succeded with the following output:
Change Dir: /home/zhangbin/xlive/ffmpeg/src/x265/build/linux/CMakeFiles/CMakeTmp

Run Build Command:/bin/gmake "cmTryCompileExec546880879/fast"
/bin/gmake -f CMakeFiles/cmTryCompileExec546880879.dir/build.make CMakeFiles/cmTryCompileExec546880879.dir/build
gmake[1]: 进入目录“/home/zhangbin/xlive/ffmpeg/src/x265/build/linux/CMakeFiles/CMakeTmp”
/usr/bin/cmake -E cmake_progress_report /home/zhangbin/xlive/ffmpeg/src/x265/build/linux/CMakeFiles/CMakeTmp/CMakeFiles 1
Building CXX object CMakeFiles/cmTryCompileExec546880879.dir/src.cxx.o
/bin/c++    -DCC_HAS_NO_NARROWING   -Wno-narrowing -o CMakeFiles/cmTryCompileExec546880879.dir/src.cxx.o -c /home/zhangbin/xlive/ffmpeg/src/x265/build/linux/CMakeFiles/CMakeTmp/src.cxx
Linking CXX executable cmTryCompileExec546880879
/usr/bin/cmake -E cmake_link_script CMakeFiles/cmTryCompileExec546880879.dir/link.txt --verbose=1
/bin/c++      -DCC_HAS_NO_NARROWING    CMakeFiles/cmTryCompileExec546880879.dir/src.cxx.o  -o cmTryCompileExec546880879 -rdynamic 
gmake[1]: 离开目录“/home/zhangbin/xlive/ffmpeg/src/x265/build/linux/CMakeFiles/CMakeTmp”

Source file was:
int main() { return 0;}
Performing C++ SOURCE FILE Test CC_HAS_NO_ARRAY_BOUNDS succeded with the following output:
Change Dir: /home/zhangbin/xlive/ffmpeg/src/x265/build/linux/CMakeFiles/CMakeTmp

Run Build Command:/bin/gmake "cmTryCompileExec2870154456/fast"
/bin/gmake -f CMakeFiles/cmTryCompileExec2870154456.dir/build.make CMakeFiles/cmTryCompileExec2870154456.dir/build
gmake[1]: 进入目录“/home/zhangbin/xlive/ffmpeg/src/x265/build/linux/CMakeFiles/CMakeTmp”
/usr/bin/cmake -E cmake_progress_report /home/zhangbin/xlive/ffmpeg/src/x265/build/linux/CMakeFiles/CMakeTmp/CMakeFiles 1
Building CXX object CMakeFiles/cmTryCompileExec2870154456.dir/src.cxx.o
/bin/c++    -DCC_HAS_NO_ARRAY_BOUNDS   -Wno-array-bounds -o CMakeFiles/cmTryCompileExec2870154456.dir/src.cxx.o -c /home/zhangbin/xlive/ffmpeg/src/x265/build/linux/CMakeFiles/CMakeTmp/src.cxx
Linking CXX executable cmTryCompileExec2870154456
/usr/bin/cmake -E cmake_link_script CMakeFiles/cmTryCompileExec2870154456.dir/link.txt --verbose=1
/bin/c++      -DCC_HAS_NO_ARRAY_BOUNDS    CMakeFiles/cmTryCompileExec2870154456.dir/src.cxx.o  -o cmTryCompileExec2870154456 -rdynamic 
gmake[1]: 离开目录“/home/zhangbin/xlive/ffmpeg/src/x265/build/linux/CMakeFiles/CMakeTmp”

Source file was:
int main() { return 0;}
Performing C++ SOURCE FILE Test CC_HAS_FAST_MATH succeded with the following output:
Change Dir: /home/zhangbin/xlive/ffmpeg/src/x265/build/linux/CMakeFiles/CMakeTmp

Run Build Command:/bin/gmake "cmTryCompileExec4201150279/fast"
/bin/gmake -f CMakeFiles/cmTryCompileExec4201150279.dir/build.make CMakeFiles/cmTryCompileExec4201150279.dir/build
gmake[1]: 进入目录“/home/zhangbin/xlive/ffmpeg/src/x265/build/linux/CMakeFiles/CMakeTmp”
/usr/bin/cmake -E cmake_progress_report /home/zhangbin/xlive/ffmpeg/src/x265/build/linux/CMakeFiles/CMakeTmp/CMakeFiles 1
Building CXX object CMakeFiles/cmTryCompileExec4201150279.dir/src.cxx.o
/bin/c++    -DCC_HAS_FAST_MATH   -ffast-math -o CMakeFiles/cmTryCompileExec4201150279.dir/src.cxx.o -c /home/zhangbin/xlive/ffmpeg/src/x265/build/linux/CMakeFiles/CMakeTmp/src.cxx
Linking CXX executable cmTryCompileExec4201150279
/usr/bin/cmake -E cmake_link_script CMakeFiles/cmTryCompileExec4201150279.dir/link.txt --verbose=1
/bin/c++      -DCC_HAS_FAST_MATH    CMakeFiles/cmTryCompileExec4201150279.dir/src.cxx.o  -o cmTryCompileExec4201150279 -rdynamic 
gmake[1]: 离开目录“/home/zhangbin/xlive/ffmpeg/src/x265/build/linux/CMakeFiles/CMakeTmp”

Source file was:
int main() { return 0;}
Performing C++ SOURCE FILE Test CC_HAS_STACK_REALIGN succeded with the following output:
Change Dir: /home/zhangbin/xlive/ffmpeg/src/x265/build/linux/CMakeFiles/CMakeTmp

Run Build Command:/bin/gmake "cmTryCompileExec3471823590/fast"
/bin/gmake -f CMakeFiles/cmTryCompileExec3471823590.dir/build.make CMakeFiles/cmTryCompileExec3471823590.dir/build
gmake[1]: 进入目录“/home/zhangbin/xlive/ffmpeg/src/x265/build/linux/CMakeFiles/CMakeTmp”
/usr/bin/cmake -E cmake_progress_report /home/zhangbin/xlive/ffmpeg/src/x265/build/linux/CMakeFiles/CMakeTmp/CMakeFiles 1
Building CXX object CMakeFiles/cmTryCompileExec3471823590.dir/src.cxx.o
/bin/c++    -DCC_HAS_STACK_REALIGN   -mstackrealign -o CMakeFiles/cmTryCompileExec3471823590.dir/src.cxx.o -c /home/zhangbin/xlive/ffmpeg/src/x265/build/linux/CMakeFiles/CMakeTmp/src.cxx
Linking CXX executable cmTryCompileExec3471823590
/usr/bin/cmake -E cmake_link_script CMakeFiles/cmTryCompileExec3471823590.dir/link.txt --verbose=1
/bin/c++      -DCC_HAS_STACK_REALIGN    CMakeFiles/cmTryCompileExec3471823590.dir/src.cxx.o  -o cmTryCompileExec3471823590 -rdynamic 
gmake[1]: 离开目录“/home/zhangbin/xlive/ffmpeg/src/x265/build/linux/CMakeFiles/CMakeTmp”

Source file was:
int main() { return 0;}
Performing C++ SOURCE FILE Test CC_HAS_FNO_EXCEPTIONS_FLAG succeded with the following output:
Change Dir: /home/zhangbin/xlive/ffmpeg/src/x265/build/linux/CMakeFiles/CMakeTmp

Run Build Command:/bin/gmake "cmTryCompileExec4020733516/fast"
/bin/gmake -f CMakeFiles/cmTryCompileExec4020733516.dir/build.make CMakeFiles/cmTryCompileExec4020733516.dir/build
gmake[1]: 进入目录“/home/zhangbin/xlive/ffmpeg/src/x265/build/linux/CMakeFiles/CMakeTmp”
/usr/bin/cmake -E cmake_progress_report /home/zhangbin/xlive/ffmpeg/src/x265/build/linux/CMakeFiles/CMakeTmp/CMakeFiles 1
Building CXX object CMakeFiles/cmTryCompileExec4020733516.dir/src.cxx.o
/bin/c++    -DCC_HAS_FNO_EXCEPTIONS_FLAG   -fno-exceptions -o CMakeFiles/cmTryCompileExec4020733516.dir/src.cxx.o -c /home/zhangbin/xlive/ffmpeg/src/x265/build/linux/CMakeFiles/CMakeTmp/src.cxx
Linking CXX executable cmTryCompileExec4020733516
/usr/bin/cmake -E cmake_link_script CMakeFiles/cmTryCompileExec4020733516.dir/link.txt --verbose=1
/bin/c++      -DCC_HAS_FNO_EXCEPTIONS_FLAG    CMakeFiles/cmTryCompileExec4020733516.dir/src.cxx.o  -o cmTryCompileExec4020733516 -rdynamic 
gmake[1]: 离开目录“/home/zhangbin/xlive/ffmpeg/src/x265/build/linux/CMakeFiles/CMakeTmp”

Source file was:
int main() { return 0;}
Determining if the strtok_r exist passed with the following output:
Change Dir: /home/zhangbin/xlive/ffmpeg/src/x265/build/linux/CMakeFiles/CMakeTmp

Run Build Command:/bin/gmake "cmTryCompileExec3897133725/fast"
/bin/gmake -f CMakeFiles/cmTryCompileExec3897133725.dir/build.make CMakeFiles/cmTryCompileExec3897133725.dir/build
gmake[1]: 进入目录“/home/zhangbin/xlive/ffmpeg/src/x265/build/linux/CMakeFiles/CMakeTmp”
/usr/bin/cmake -E cmake_progress_report /home/zhangbin/xlive/ffmpeg/src/x265/build/linux/CMakeFiles/CMakeTmp/CMakeFiles 1
Building C object CMakeFiles/cmTryCompileExec3897133725.dir/CheckSymbolExists.c.o
/bin/cc    -o CMakeFiles/cmTryCompileExec3897133725.dir/CheckSymbolExists.c.o   -c /home/zhangbin/xlive/ffmpeg/src/x265/build/linux/CMakeFiles/CMakeTmp/CheckSymbolExists.c
Linking C executable cmTryCompileExec3897133725
/usr/bin/cmake -E cmake_link_script CMakeFiles/cmTryCompileExec3897133725.dir/link.txt --verbose=1
/bin/cc         CMakeFiles/cmTryCompileExec3897133725.dir/CheckSymbolExists.c.o  -o cmTryCompileExec3897133725 -rdynamic 
gmake[1]: 离开目录“/home/zhangbin/xlive/ffmpeg/src/x265/build/linux/CMakeFiles/CMakeTmp”

File /home/zhangbin/xlive/ffmpeg/src/x265/build/linux/CMakeFiles/CMakeTmp/CheckSymbolExists.c:
/* */
#include <string.h>

int main(int argc, char** argv)
{
  (void)argv;
#ifndef strtok_r
  return ((int*)(&strtok_r))[argc];
#else
  (void)argc;
  return 0;
#endif
}

Determining if files getopt.h exist passed with the following output:
Change Dir: /home/zhangbin/xlive/ffmpeg/src/x265/build/linux/CMakeFiles/CMakeTmp

Run Build Command:/bin/gmake "cmTryCompileExec3539784690/fast"
/bin/gmake -f CMakeFiles/cmTryCompileExec3539784690.dir/build.make CMakeFiles/cmTryCompileExec3539784690.dir/build
gmake[1]: 进入目录“/home/zhangbin/xlive/ffmpeg/src/x265/build/linux/CMakeFiles/CMakeTmp”
/usr/bin/cmake -E cmake_progress_report /home/zhangbin/xlive/ffmpeg/src/x265/build/linux/CMakeFiles/CMakeTmp/CMakeFiles 1
Building C object CMakeFiles/cmTryCompileExec3539784690.dir/CheckIncludeFiles.c.o
/bin/cc    -o CMakeFiles/cmTryCompileExec3539784690.dir/CheckIncludeFiles.c.o   -c /home/zhangbin/xlive/ffmpeg/src/x265/build/linux/CMakeFiles/CMakeTmp/CheckIncludeFiles.c
Linking C executable cmTryCompileExec3539784690
/usr/bin/cmake -E cmake_link_script CMakeFiles/cmTryCompileExec3539784690.dir/link.txt --verbose=1
/bin/cc         CMakeFiles/cmTryCompileExec3539784690.dir/CheckIncludeFiles.c.o  -o cmTryCompileExec3539784690 -rdynamic 
gmake[1]: 离开目录“/home/zhangbin/xlive/ffmpeg/src/x265/build/linux/CMakeFiles/CMakeTmp”


